<?xml version="1.0" encoding="UTF-8"?>
<testng-results ignored="0" total="1" passed="1" failed="0" skipped="0">
  <reporter-output>
  </reporter-output>
  <suite started-at="2021-02-09T14:19:18 IST" name="Default suite" finished-at="2021-02-09T14:19:19 IST" duration-ms="1216">
    <groups>
    </groups>
    <test started-at="2021-02-09T14:19:18 IST" name="Default test" finished-at="2021-02-09T14:19:19 IST" duration-ms="1216">
      <class name="RestAssuredBDD.BDD.deleteRequest">
        <test-method signature="deletePost()[pri:0, instance:RestAssuredBDD.BDD.deleteRequest@3e6ef8ad]" started-at="2021-02-09T14:19:18 IST" name="deletePost" finished-at="2021-02-09T14:19:19 IST" duration-ms="1190" status="PASS">
          <reporter-output>
          </reporter-output>
        </test-method> <!-- deletePost -->
      </class> <!-- RestAssuredBDD.BDD.deleteRequest -->
    </test> <!-- Default test -->
  </suite> <!-- Default suite -->
</testng-results>
